<?xml version="1.0" encoding="UTF-8"?>
<testsuite xmlns:xsi="http://www.w3.org/2001/XMLSchema-instance" xsi:noNamespaceSchemaLocation="https://maven.apache.org/surefire/maven-surefire-plugin/xsd/surefire-test-report.xsd" version="3.0.2" name="com.clara.ops.challenge.document_management_service_challenge.service.impl.DocumentServiceImplTest" time="0.26" tests="3" errors="0" skipped="0" failures="0">
  <properties>
[...]
</properties>
  <testcase name="processCall_ShouldReturnDocument_WhenUploadSuccessful" classname="com.clara.ops.challenge.document_management_service_challenge.service.impl.DocumentServiceImplTest" time="0.172">
    <system-out><![CDATA[2025-03-22T10:30:11.292-05:00  INFO 17470 --- [           main] t.c.s.AnnotationConfigContextLoaderUtils : Could not detect default configuration classes for test class [com.clara.ops.challenge.document_management_service_challenge.service.impl.DocumentServiceImplTest]: DocumentServiceImplTest does not declare any static, non-private, non-final, nested classes annotated with @Configuration.
2025-03-22T10:30:11.305-05:00  INFO 17470 --- [           main] .b.t.c.SpringBootTestContextBootstrapper : Found @SpringBootConfiguration com.clara.ops.challenge.document_management_service_challenge.DocumentManagementServiceChallengeApplication for test class com.clara.ops.challenge.document_management_service_challenge.service.impl.DocumentServiceImplTest
]]></system-out>
  </testcase>
  <testcase name="processCall_ShouldThrowException_WhenFileIsEmpty" classname="com.clara.ops.challenge.document_management_service_challenge.service.impl.DocumentServiceImplTest" time="0.007"/>
  <testcase name="processCall_ShouldThrowException_WhenUserIsEmpty" classname="com.clara.ops.challenge.document_management_service_challenge.service.impl.DocumentServiceImplTest" time="0.005"/>
</testsuite>