<?xml version="1.0" encoding="UTF-8"?>
<testsuite xmlns:xsi="http://www.w3.org/2001/XMLSchema-instance" xsi:noNamespaceSchemaLocation="https://maven.apache.org/surefire/maven-surefire-plugin/xsd/surefire-test-report.xsd" version="3.0.2" name="com.clara.ops.challenge.document_management_service_challenge.controller.DocumentControllerTest" time="7.09" tests="5" errors="0" skipped="0" failures="0">
  <properties>
[...]
</properties>
  <testcase name="downloadDocument_ShouldReturnUrl_WhenDocumentExists" classname="com.clara.ops.challenge.document_management_service_challenge.controller.DocumentControllerTest" time="0.108">
    <system-out><![CDATA[10:30:04.445 [main] INFO org.springframework.test.context.support.AnnotationConfigContextLoaderUtils -- Could not detect default configuration classes for test class [com.clara.ops.challenge.document_management_service_challenge.controller.DocumentControllerTest]: DocumentControllerTest does not declare any static, non-private, non-final, nested classes annotated with @Configuration.
10:30:04.682 [main] INFO org.springframework.boot.test.context.SpringBootTestContextBootstrapper -- Found @SpringBootConfiguration com.clara.ops.challenge.document_management_service_challenge.DocumentManagementServiceChallengeApplication for test class com.clara.ops.challenge.document_management_service_challenge.controller.DocumentControllerTest
10:30:04.957 [main] INFO org.springframework.boot.devtools.restart.RestartApplicationListener -- Restart disabled due to context in which it is running

  .   ____          _            __ _ _
 /\\ / ___'_ __ _ _(_)_ __  __ _ \ \ \ \
( ( )\___ | '_ | '_| | '_ \/ _` | \ \ \ \
 \\/  ___)| |_)| | | | | || (_| |  ) ) ) )
  '  |____| .__|_| |_|_| |_\__, | / / / /
 =========|_|==============|___/=/_/_/_/

 :: Spring Boot ::                (v3.4.3)

2025-03-22T10:30:05.380-05:00  INFO 17470 --- [           main] c.c.o.c.d.c.DocumentControllerTest       : Starting DocumentControllerTest using Java 17.0.14 with PID 17470 (started by yesidmoreno in /Users/yesidmoreno/IdeaProjects/challenge/document-management-service-challenge)
2025-03-22T10:30:05.387-05:00  INFO 17470 --- [           main] c.c.o.c.d.c.DocumentControllerTest       : No active profile set, falling back to 1 default profile: "default"
2025-03-22T10:30:06.177-05:00  INFO 17470 --- [           main] .s.d.r.c.RepositoryConfigurationDelegate : Bootstrapping Spring Data JPA repositories in DEFAULT mode.
2025-03-22T10:30:06.247-05:00  INFO 17470 --- [           main] .s.d.r.c.RepositoryConfigurationDelegate : Finished Spring Data repository scanning in 58 ms. Found 1 JPA repository interface.
2025-03-22T10:30:06.745-05:00  INFO 17470 --- [           main] com.zaxxer.hikari.HikariDataSource       : HikariPool-1 - Starting...
2025-03-22T10:30:06.931-05:00  INFO 17470 --- [           main] com.zaxxer.hikari.pool.HikariPool        : HikariPool-1 - Added connection org.postgresql.jdbc.PgConnection@27a717a7
2025-03-22T10:30:06.933-05:00  INFO 17470 --- [           main] com.zaxxer.hikari.HikariDataSource       : HikariPool-1 - Start completed.
2025-03-22T10:30:07.026-05:00  INFO 17470 --- [           main] o.hibernate.jpa.internal.util.LogHelper  : HHH000204: Processing PersistenceUnitInfo [name: default]
2025-03-22T10:30:07.108-05:00  INFO 17470 --- [           main] org.hibernate.Version                    : HHH000412: Hibernate ORM core version 6.6.8.Final
2025-03-22T10:30:07.160-05:00  INFO 17470 --- [           main] o.h.c.internal.RegionFactoryInitiator    : HHH000026: Second-level cache disabled
2025-03-22T10:30:07.588-05:00  INFO 17470 --- [           main] o.s.o.j.p.SpringPersistenceUnitInfo      : No LoadTimeWeaver setup: ignoring JPA class transformer
2025-03-22T10:30:07.668-05:00  WARN 17470 --- [           main] org.hibernate.orm.deprecation            : HHH90000025: PostgreSQLDialect does not need to be specified explicitly using 'hibernate.dialect' (remove the property setting and it will be selected by default)
2025-03-22T10:30:07.692-05:00  INFO 17470 --- [           main] org.hibernate.orm.connections.pooling    : HHH10001005: Database info:
	Database JDBC URL [Connecting through datasource 'HikariDataSource (HikariPool-1)']
	Database driver: undefined/unknown
	Database version: 13.20
	Autocommit mode: undefined/unknown
	Isolation level: undefined/unknown
	Minimum pool size: undefined/unknown
	Maximum pool size: undefined/unknown
2025-03-22T10:30:08.828-05:00  INFO 17470 --- [           main] o.h.e.t.j.p.i.JtaPlatformInitiator       : HHH000489: No JTA platform available (set 'hibernate.transaction.jta.platform' to enable JTA platform integration)
2025-03-22T10:30:08.831-05:00  INFO 17470 --- [           main] j.LocalContainerEntityManagerFactoryBean : Initialized JPA EntityManagerFactory for persistence unit 'default'
2025-03-22T10:30:09.677-05:00  WARN 17470 --- [           main] JpaBaseConfiguration$JpaWebConfiguration : spring.jpa.open-in-view is enabled by default. Therefore, database queries may be performed during view rendering. Explicitly configure spring.jpa.open-in-view to disable this warning
2025-03-22T10:30:10.111-05:00  INFO 17470 --- [           main] c.c.o.c.d.c.DocumentControllerTest       : Started DocumentControllerTest in 5.171 seconds (process running for 6.78)
]]></system-out>
  </testcase>
  <testcase name="uploadFile_ShouldReturnBadRequest_WhenExceptionOccurs" classname="com.clara.ops.challenge.document_management_service_challenge.controller.DocumentControllerTest" time="0.04">
    <system-out><![CDATA[2025-03-22T10:30:11.222-05:00 ERROR 17470 --- [           main] c.c.o.c.d.controller.DocumentController  : General error in execution Invalid JSON
]]></system-out>
  </testcase>
  <testcase name="downloadDocument_ShouldReturnNull_WhenDocumentNotFound" classname="com.clara.ops.challenge.document_management_service_challenge.controller.DocumentControllerTest" time="0.005"/>
  <testcase name="uploadFile_ShouldReturnDocument_WhenUploadSuccessful" classname="com.clara.ops.challenge.document_management_service_challenge.controller.DocumentControllerTest" time="0.006"/>
  <testcase name="getFilteredFiles_ShouldReturnDocumentList" classname="com.clara.ops.challenge.document_management_service_challenge.controller.DocumentControllerTest" time="0.006"/>
</testsuite>